<?xml version="1.0" encoding="UTF-8" ?>
<testsuite errors="0" failures="0" hostname="MacBook-Pro.local" name="rs.TestBookingResource" skipped="0" tests="4" time="9.321" timestamp="2016-11-28T20:52:40">
  <properties>
[...]
</properties>
  <testcase classname="rs.TestBookingResource" name="should_book_itinerary" time="2.04" />
  <testcase classname="rs.TestBookingResource" name="should_cancel_itinerary" time="0.577" />
  <testcase classname="rs.TestBookingResource" name="should_fail_booking" time="0.388" />
  <testcase classname="rs.TestBookingResource" name="should_fail_canceling" time="0.694" />
  <system-out><![CDATA[]]></system-out>
  <system-err><![CDATA[]]></system-err>
</testsuite>
